android/app/build/intermediates/manifest_merge_blame_file/debug/manifest-merger-blame-debug-report.txt
1<?xml version="1.0" encoding="utf-8"?>
2<manifest xmlns:android="http://schemas.android.com/apk/res/android"
3    package="com.example.safehaven"
4    android:versionCode="1"
5    android:versionName="1.0.0" >
6
7    <uses-sdk
8        android:minSdkVersion="23"
9        android:targetSdkVersion="31" />
10    <!--
11         The INTERNET permission is required for development. Specifically,
12         the Flutter tool needs it to communicate with the running application
13         to allow setting breakpoints, to provide hot reload, etc.
14    -->
15    <uses-permission android:name="android.permission.INTERNET" />
15-->src\debug\AndroidManifest.xml:6:5-66
15-->src\debug\AndroidManifest.xml:6:22-64
16    <uses-permission android:name="android.permission.ACCESS_FINE_LOCATION" />
16-->src\debug\AndroidManifest.xml:7:5-79
16-->src\debug\AndroidManifest.xml:7:22-76
17    <uses-permission android:name="android.permission.ACCESS_COARSE_LOCATION" />
17-->src\debug\AndroidManifest.xml:8:5-81
17-->src\debug\AndroidManifest.xml:8:22-78
18    <uses-permission android:name="android.permission.ACCESS_BACKGROUND_LOCATION" />
18-->src\debug\AndroidManifest.xml:9:5-85
18-->src\debug\AndroidManifest.xml:9:22-82
19    <uses-permission android:name="android.permission.SEND_SMS" />
19-->src\debug\AndroidManifest.xml:10:5-67
19-->src\debug\AndroidManifest.xml:10:22-64
20    <uses-permission android:name="android.permission.READ_PHONE_STATE" />
20-->src\debug\AndroidManifest.xml:11:5-75
20-->src\debug\AndroidManifest.xml:11:22-72
21
22    <!--
23     Required to query activities that can process text, see:
24         https://developer.android.com/training/package-visibility and
25         https://developer.android.com/reference/android/content/Intent#ACTION_PROCESS_TEXT.
26
27         In particular, this is used by the Flutter engine in io.flutter.plugin.text.ProcessTextPlugin.
28    -->
29    <queries>
29-->src\main\AndroidManifest.xml:39:5-44:15
30        <intent>
30-->src\main\AndroidManifest.xml:40:9-43:18
31            <action android:name="android.intent.action.PROCESS_TEXT" />
31-->src\main\AndroidManifest.xml:41:13-72
31-->src\main\AndroidManifest.xml:41:21-70
32
33            <data android:mimeType="text/plain" />
33-->src\main\AndroidManifest.xml:42:13-50
33-->src\main\AndroidManifest.xml:42:19-48
34        </intent>
35    </queries>
36
37    <uses-permission android:name="android.permission.ACCESS_NETWORK_STATE" />
37-->[com.google.firebase:firebase-auth:23.1.0] AndroidManifest.xml:26:5-79
37-->[com.google.firebase:firebase-auth:23.1.0] AndroidManifest.xml:26:22-76
38    <uses-permission android:name="com.google.android.providers.gsf.permission.READ_GSERVICES" />
38-->[com.google.android.recaptcha:recaptcha:18.5.1] AndroidManifest.xml:9:5-98
38-->[com.google.android.recaptcha:recaptcha:18.5.1] AndroidManifest.xml:9:22-95
39
40    <permission
40-->[androidx.core:core:1.13.1] AndroidManifest.xml:22:5-24:47
41        android:name="com.example.safehaven.DYNAMIC_RECEIVER_NOT_EXPORTED_PERMISSION"
41-->[androidx.core:core:1.13.1] AndroidManifest.xml:23:9-81
42        android:protectionLevel="signature" />
42-->[androidx.core:core:1.13.1] AndroidManifest.xml:24:9-44
43
44    <uses-permission android:name="com.example.safehaven.DYNAMIC_RECEIVER_NOT_EXPORTED_PERMISSION" />
44-->[androidx.core:core:1.13.1] AndroidManifest.xml:26:5-97
44-->[androidx.core:core:1.13.1] AndroidManifest.xml:26:22-94
45
46    <application
47        android:name="android.app.Application"
48        android:appComponentFactory="androidx.core.app.CoreComponentFactory"
48-->[androidx.core:core:1.13.1] AndroidManifest.xml:28:18-86
49        android:debuggable="true"
50        android:extractNativeLibs="false"
51        android:icon="@mipmap/ic_launcher"
52        android:label="safehaven" >
53        <activity
54            android:name="com.example.safehaven.MainActivity"
55            android:configChanges="orientation|keyboardHidden|keyboard|screenSize|smallestScreenSize|locale|layoutDirection|fontScale|screenLayout|density|uiMode"
56            android:exported="true"
57            android:hardwareAccelerated="true"
58            android:launchMode="singleTop"
59            android:taskAffinity=""
60            android:theme="@style/LaunchTheme"
61            android:windowSoftInputMode="adjustResize" >
62
63            <!--
64                 Specifies an Android theme to apply to this Activity as soon as
65                 the Android process has started. This theme is visible to the user
66                 while the Flutter UI initializes. After that, this theme continues
67                 to determine the Window background behind the Flutter UI.
68            -->
69            <meta-data
70                android:name="io.flutter.embedding.android.NormalTheme"
71                android:resource="@style/NormalTheme" />
72
73            <intent-filter>
74                <action android:name="android.intent.action.MAIN" />
75
76                <category android:name="android.intent.category.LAUNCHER" />
77            </intent-filter>
78        </activity>
79        <!--
80             Don't delete the meta-data below.
81             This is used by the Flutter tool to generate GeneratedPluginRegistrant.java
82        -->
83        <meta-data
84            android:name="flutterEmbedding"
85            android:value="2" />
86
87        <service
87-->[:cloud_firestore] AndroidManifest.xml:8:9-12:19
88            android:name="com.google.firebase.components.ComponentDiscoveryService"
88-->[:cloud_firestore] AndroidManifest.xml:8:18-89
89            android:directBootAware="true"
89-->[com.google.firebase:firebase-common:21.0.0] AndroidManifest.xml:32:13-43
90            android:exported="false" >
90-->[com.google.firebase:firebase-auth:23.1.0] AndroidManifest.xml:68:13-37
91            <meta-data
91-->[:cloud_firestore] AndroidManifest.xml:9:13-11:85
92                android:name="com.google.firebase.components:io.flutter.plugins.firebase.firestore.FlutterFirebaseFirestoreRegistrar"
92-->[:cloud_firestore] AndroidManifest.xml:10:17-134
93                android:value="com.google.firebase.components.ComponentRegistrar" />
93-->[:cloud_firestore] AndroidManifest.xml:11:17-82
94            <meta-data
94-->[:firebase_auth] AndroidManifest.xml:9:13-11:85
95                android:name="com.google.firebase.components:io.flutter.plugins.firebase.auth.FlutterFirebaseAuthRegistrar"
95-->[:firebase_auth] AndroidManifest.xml:10:17-124
96                android:value="com.google.firebase.components.ComponentRegistrar" />
96-->[:firebase_auth] AndroidManifest.xml:11:17-82
97            <meta-data
97-->[:firebase_storage] AndroidManifest.xml:9:13-11:85
98                android:name="com.google.firebase.components:io.flutter.plugins.firebase.storage.FlutterFirebaseAppRegistrar"
98-->[:firebase_storage] AndroidManifest.xml:10:17-126
99                android:value="com.google.firebase.components.ComponentRegistrar" />
99-->[:firebase_storage] AndroidManifest.xml:11:17-82
100            <meta-data
100-->[:firebase_core] AndroidManifest.xml:9:13-11:85
101                android:name="com.google.firebase.components:io.flutter.plugins.firebase.core.FlutterFirebaseCoreRegistrar"
101-->[:firebase_core] AndroidManifest.xml:10:17-124
102                android:value="com.google.firebase.components.ComponentRegistrar" />
102-->[:firebase_core] AndroidManifest.xml:11:17-82
103            <meta-data
103-->[com.google.firebase:firebase-auth:23.1.0] AndroidManifest.xml:69:13-71:85
104                android:name="com.google.firebase.components:com.google.firebase.auth.FirebaseAuthRegistrar"
104-->[com.google.firebase:firebase-auth:23.1.0] AndroidManifest.xml:70:17-109
105                android:value="com.google.firebase.components.ComponentRegistrar" />
105-->[com.google.firebase:firebase-auth:23.1.0] AndroidManifest.xml:71:17-82
106            <meta-data
106-->[com.google.firebase:firebase-firestore:25.1.1] AndroidManifest.xml:17:13-19:85
107                android:name="com.google.firebase.components:com.google.firebase.firestore.FirebaseFirestoreKtxRegistrar"
107-->[com.google.firebase:firebase-firestore:25.1.1] AndroidManifest.xml:18:17-122
108                android:value="com.google.firebase.components.ComponentRegistrar" />
108-->[com.google.firebase:firebase-firestore:25.1.1] AndroidManifest.xml:19:17-82
109            <meta-data
109-->[com.google.firebase:firebase-firestore:25.1.1] AndroidManifest.xml:20:13-22:85
110                android:name="com.google.firebase.components:com.google.firebase.firestore.FirestoreRegistrar"
110-->[com.google.firebase:firebase-firestore:25.1.1] AndroidManifest.xml:21:17-111
111                android:value="com.google.firebase.components.ComponentRegistrar" />
111-->[com.google.firebase:firebase-firestore:25.1.1] AndroidManifest.xml:22:17-82
112            <meta-data
112-->[com.google.firebase:firebase-storage:21.0.1] AndroidManifest.xml:30:13-32:85
113                android:name="com.google.firebase.components:com.google.firebase.storage.FirebaseStorageKtxRegistrar"
113-->[com.google.firebase:firebase-storage:21.0.1] AndroidManifest.xml:31:17-118
114                android:value="com.google.firebase.components.ComponentRegistrar" />
114-->[com.google.firebase:firebase-storage:21.0.1] AndroidManifest.xml:32:17-82
115            <meta-data
115-->[com.google.firebase:firebase-storage:21.0.1] AndroidManifest.xml:33:13-35:85
116                android:name="com.google.firebase.components:com.google.firebase.storage.StorageRegistrar"
116-->[com.google.firebase:firebase-storage:21.0.1] AndroidManifest.xml:34:17-107
117                android:value="com.google.firebase.components.ComponentRegistrar" />
117-->[com.google.firebase:firebase-storage:21.0.1] AndroidManifest.xml:35:17-82
118            <meta-data
118-->[com.google.firebase:firebase-appcheck:18.0.0] AndroidManifest.xml:25:13-27:85
119                android:name="com.google.firebase.components:com.google.firebase.appcheck.FirebaseAppCheckKtxRegistrar"
119-->[com.google.firebase:firebase-appcheck:18.0.0] AndroidManifest.xml:26:17-120
120                android:value="com.google.firebase.components.ComponentRegistrar" />
120-->[com.google.firebase:firebase-appcheck:18.0.0] AndroidManifest.xml:27:17-82
121            <meta-data
121-->[com.google.firebase:firebase-appcheck:18.0.0] AndroidManifest.xml:28:13-30:85
122                android:name="com.google.firebase.components:com.google.firebase.appcheck.FirebaseAppCheckRegistrar"
122-->[com.google.firebase:firebase-appcheck:18.0.0] AndroidManifest.xml:29:17-117
123                android:value="com.google.firebase.components.ComponentRegistrar" />
123-->[com.google.firebase:firebase-appcheck:18.0.0] AndroidManifest.xml:30:17-82
124            <meta-data
124-->[com.google.firebase:firebase-common-ktx:21.0.0] AndroidManifest.xml:12:13-14:85
125                android:name="com.google.firebase.components:com.google.firebase.ktx.FirebaseCommonLegacyRegistrar"
125-->[com.google.firebase:firebase-common-ktx:21.0.0] AndroidManifest.xml:13:17-116
126                android:value="com.google.firebase.components.ComponentRegistrar" />
126-->[com.google.firebase:firebase-common-ktx:21.0.0] AndroidManifest.xml:14:17-82
127            <meta-data
127-->[com.google.firebase:firebase-common:21.0.0] AndroidManifest.xml:35:13-37:85
128                android:name="com.google.firebase.components:com.google.firebase.FirebaseCommonKtxRegistrar"
128-->[com.google.firebase:firebase-common:21.0.0] AndroidManifest.xml:36:17-109
129                android:value="com.google.firebase.components.ComponentRegistrar" />
129-->[com.google.firebase:firebase-common:21.0.0] AndroidManifest.xml:37:17-82
130        </service>
131        <service
131-->[:geolocator_android] AndroidManifest.xml:8:9-12:56
132            android:name="com.baseflow.geolocator.GeolocatorLocationService"
132-->[:geolocator_android] AndroidManifest.xml:9:13-77
133            android:enabled="true"
133-->[:geolocator_android] AndroidManifest.xml:10:13-35
134            android:exported="false"
134-->[:geolocator_android] AndroidManifest.xml:11:13-37
135            android:foregroundServiceType="location" />
135-->[:geolocator_android] AndroidManifest.xml:12:13-53
136        <service
136-->[:location] AndroidManifest.xml:11:9-15:56
137            android:name="com.lyokone.location.FlutterLocationService"
137-->[:location] AndroidManifest.xml:12:13-71
138            android:enabled="true"
138-->[:location] AndroidManifest.xml:13:13-35
139            android:exported="false"
139-->[:location] AndroidManifest.xml:14:13-37
140            android:foregroundServiceType="location" />
140-->[:location] AndroidManifest.xml:15:13-53
141
142        <activity
142-->[:url_launcher_android] AndroidManifest.xml:8:9-11:74
143            android:name="io.flutter.plugins.urllauncher.WebViewActivity"
143-->[:url_launcher_android] AndroidManifest.xml:9:13-74
144            android:exported="false"
144-->[:url_launcher_android] AndroidManifest.xml:10:13-37
145            android:theme="@android:style/Theme.NoTitleBar.Fullscreen" />
145-->[:url_launcher_android] AndroidManifest.xml:11:13-71
146        <activity
146-->[com.google.firebase:firebase-auth:23.1.0] AndroidManifest.xml:29:9-46:20
147            android:name="com.google.firebase.auth.internal.GenericIdpActivity"
147-->[com.google.firebase:firebase-auth:23.1.0] AndroidManifest.xml:30:13-80
148            android:excludeFromRecents="true"
148-->[com.google.firebase:firebase-auth:23.1.0] AndroidManifest.xml:31:13-46
149            android:exported="true"
149-->[com.google.firebase:firebase-auth:23.1.0] AndroidManifest.xml:32:13-36
150            android:launchMode="singleTask"
150-->[com.google.firebase:firebase-auth:23.1.0] AndroidManifest.xml:33:13-44
151            android:theme="@android:style/Theme.Translucent.NoTitleBar" >
151-->[com.google.firebase:firebase-auth:23.1.0] AndroidManifest.xml:34:13-72
152            <intent-filter>
152-->[com.google.firebase:firebase-auth:23.1.0] AndroidManifest.xml:35:13-45:29
153                <action android:name="android.intent.action.VIEW" />
153-->[com.google.firebase:firebase-auth:23.1.0] AndroidManifest.xml:36:17-69
153-->[com.google.firebase:firebase-auth:23.1.0] AndroidManifest.xml:36:25-66
154
155                <category android:name="android.intent.category.DEFAULT" />
155-->[com.google.firebase:firebase-auth:23.1.0] AndroidManifest.xml:38:17-76
155-->[com.google.firebase:firebase-auth:23.1.0] AndroidManifest.xml:38:27-73
156                <category android:name="android.intent.category.BROWSABLE" />
156-->[com.google.firebase:firebase-auth:23.1.0] AndroidManifest.xml:39:17-78
156-->[com.google.firebase:firebase-auth:23.1.0] AndroidManifest.xml:39:27-75
157
158                <data
158-->src\main\AndroidManifest.xml:42:13-50
159                    android:host="firebase.auth"
160                    android:path="/"
161                    android:scheme="genericidp" />
162            </intent-filter>
163        </activity>
164        <activity
164-->[com.google.firebase:firebase-auth:23.1.0] AndroidManifest.xml:47:9-64:20
165            android:name="com.google.firebase.auth.internal.RecaptchaActivity"
165-->[com.google.firebase:firebase-auth:23.1.0] AndroidManifest.xml:48:13-79
166            android:excludeFromRecents="true"
166-->[com.google.firebase:firebase-auth:23.1.0] AndroidManifest.xml:49:13-46
167            android:exported="true"
167-->[com.google.firebase:firebase-auth:23.1.0] AndroidManifest.xml:50:13-36
168            android:launchMode="singleTask"
168-->[com.google.firebase:firebase-auth:23.1.0] AndroidManifest.xml:51:13-44
169            android:theme="@android:style/Theme.Translucent.NoTitleBar" >
169-->[com.google.firebase:firebase-auth:23.1.0] AndroidManifest.xml:52:13-72
170            <intent-filter>
170-->[com.google.firebase:firebase-auth:23.1.0] AndroidManifest.xml:53:13-63:29
171                <action android:name="android.intent.action.VIEW" />
171-->[com.google.firebase:firebase-auth:23.1.0] AndroidManifest.xml:36:17-69
171-->[com.google.firebase:firebase-auth:23.1.0] AndroidManifest.xml:36:25-66
172
173                <category android:name="android.intent.category.DEFAULT" />
173-->[com.google.firebase:firebase-auth:23.1.0] AndroidManifest.xml:38:17-76
173-->[com.google.firebase:firebase-auth:23.1.0] AndroidManifest.xml:38:27-73
174                <category android:name="android.intent.category.BROWSABLE" />
174-->[com.google.firebase:firebase-auth:23.1.0] AndroidManifest.xml:39:17-78
174-->[com.google.firebase:firebase-auth:23.1.0] AndroidManifest.xml:39:27-75
175
176                <data
176-->src\main\AndroidManifest.xml:42:13-50
177                    android:host="firebase.auth"
178                    android:path="/"
179                    android:scheme="recaptcha" />
180            </intent-filter>
181        </activity>
182
183        <service
183-->[androidx.credentials:credentials-play-services-auth:1.2.0-rc01] AndroidManifest.xml:24:9-32:19
184            android:name="androidx.credentials.playservices.CredentialProviderMetadataHolder"
184-->[androidx.credentials:credentials-play-services-auth:1.2.0-rc01] AndroidManifest.xml:25:13-94
185            android:enabled="true"
185-->[androidx.credentials:credentials-play-services-auth:1.2.0-rc01] AndroidManifest.xml:26:13-35
186            android:exported="false" >
186-->[androidx.credentials:credentials-play-services-auth:1.2.0-rc01] AndroidManifest.xml:27:13-37
187            <meta-data
187-->[androidx.credentials:credentials-play-services-auth:1.2.0-rc01] AndroidManifest.xml:29:13-31:104
188                android:name="androidx.credentials.CREDENTIAL_PROVIDER_KEY"
188-->[androidx.credentials:credentials-play-services-auth:1.2.0-rc01] AndroidManifest.xml:30:17-76
189                android:value="androidx.credentials.playservices.CredentialProviderPlayServicesImpl" />
189-->[androidx.credentials:credentials-play-services-auth:1.2.0-rc01] AndroidManifest.xml:31:17-101
190        </service>
191
192        <activity
192-->[androidx.credentials:credentials-play-services-auth:1.2.0-rc01] AndroidManifest.xml:34:9-41:20
193            android:name="androidx.credentials.playservices.HiddenActivity"
193-->[androidx.credentials:credentials-play-services-auth:1.2.0-rc01] AndroidManifest.xml:35:13-76
194            android:configChanges="orientation|screenSize|screenLayout|keyboardHidden"
194-->[androidx.credentials:credentials-play-services-auth:1.2.0-rc01] AndroidManifest.xml:36:13-87
195            android:enabled="true"
195-->[androidx.credentials:credentials-play-services-auth:1.2.0-rc01] AndroidManifest.xml:37:13-35
196            android:exported="false"
196-->[androidx.credentials:credentials-play-services-auth:1.2.0-rc01] AndroidManifest.xml:38:13-37
197            android:fitsSystemWindows="true"
197-->[androidx.credentials:credentials-play-services-auth:1.2.0-rc01] AndroidManifest.xml:39:13-45
198            android:theme="@style/Theme.Hidden" >
198-->[androidx.credentials:credentials-play-services-auth:1.2.0-rc01] AndroidManifest.xml:40:13-48
199        </activity>
200        <activity
200-->[com.google.android.gms:play-services-auth:20.7.0] AndroidManifest.xml:23:9-27:75
201            android:name="com.google.android.gms.auth.api.signin.internal.SignInHubActivity"
201-->[com.google.android.gms:play-services-auth:20.7.0] AndroidManifest.xml:24:13-93
202            android:excludeFromRecents="true"
202-->[com.google.android.gms:play-services-auth:20.7.0] AndroidManifest.xml:25:13-46
203            android:exported="false"
203-->[com.google.android.gms:play-services-auth:20.7.0] AndroidManifest.xml:26:13-37
204            android:theme="@android:style/Theme.Translucent.NoTitleBar" />
204-->[com.google.android.gms:play-services-auth:20.7.0] AndroidManifest.xml:27:13-72
205        <!--
206            Service handling Google Sign-In user revocation. For apps that do not integrate with
207            Google Sign-In, this service will never be started.
208        -->
209        <service
209-->[com.google.android.gms:play-services-auth:20.7.0] AndroidManifest.xml:33:9-37:51
210            android:name="com.google.android.gms.auth.api.signin.RevocationBoundService"
210-->[com.google.android.gms:play-services-auth:20.7.0] AndroidManifest.xml:34:13-89
211            android:exported="true"
211-->[com.google.android.gms:play-services-auth:20.7.0] AndroidManifest.xml:35:13-36
212            android:permission="com.google.android.gms.auth.api.signin.permission.REVOCATION_NOTIFICATION"
212-->[com.google.android.gms:play-services-auth:20.7.0] AndroidManifest.xml:36:13-107
213            android:visibleToInstantApps="true" />
213-->[com.google.android.gms:play-services-auth:20.7.0] AndroidManifest.xml:37:13-48
214
215        <activity
215-->[com.google.android.gms:play-services-base:18.5.0] AndroidManifest.xml:5:9-173
216            android:name="com.google.android.gms.common.api.GoogleApiActivity"
216-->[com.google.android.gms:play-services-base:18.5.0] AndroidManifest.xml:5:19-85
217            android:exported="false"
217-->[com.google.android.gms:play-services-base:18.5.0] AndroidManifest.xml:5:146-170
218            android:theme="@android:style/Theme.Translucent.NoTitleBar" />
218-->[com.google.android.gms:play-services-base:18.5.0] AndroidManifest.xml:5:86-145
219
220        <provider
220-->[com.google.firebase:firebase-common:21.0.0] AndroidManifest.xml:23:9-28:39
221            android:name="com.google.firebase.provider.FirebaseInitProvider"
221-->[com.google.firebase:firebase-common:21.0.0] AndroidManifest.xml:24:13-77
222            android:authorities="com.example.safehaven.firebaseinitprovider"
222-->[com.google.firebase:firebase-common:21.0.0] AndroidManifest.xml:25:13-72
223            android:directBootAware="true"
223-->[com.google.firebase:firebase-common:21.0.0] AndroidManifest.xml:26:13-43
224            android:exported="false"
224-->[com.google.firebase:firebase-common:21.0.0] AndroidManifest.xml:27:13-37
225            android:initOrder="100" />
225-->[com.google.firebase:firebase-common:21.0.0] AndroidManifest.xml:28:13-36
226
227        <uses-library
227-->[androidx.window:window:1.2.0] AndroidManifest.xml:23:9-25:40
228            android:name="androidx.window.extensions"
228-->[androidx.window:window:1.2.0] AndroidManifest.xml:24:13-54
229            android:required="false" />
229-->[androidx.window:window:1.2.0] AndroidManifest.xml:25:13-37
230        <uses-library
230-->[androidx.window:window:1.2.0] AndroidManifest.xml:26:9-28:40
231            android:name="androidx.window.sidecar"
231-->[androidx.window:window:1.2.0] AndroidManifest.xml:27:13-51
232            android:required="false" />
232-->[androidx.window:window:1.2.0] AndroidManifest.xml:28:13-37
233
234        <meta-data
234-->[com.google.android.gms:play-services-basement:18.4.0] AndroidManifest.xml:6:9-122
235            android:name="com.google.android.gms.version"
235-->[com.google.android.gms:play-services-basement:18.4.0] AndroidManifest.xml:6:20-65
236            android:value="@integer/google_play_services_version" />
236-->[com.google.android.gms:play-services-basement:18.4.0] AndroidManifest.xml:6:66-119
237
238        <provider
238-->[androidx.lifecycle:lifecycle-process:2.7.0] AndroidManifest.xml:24:9-32:20
239            android:name="androidx.startup.InitializationProvider"
239-->[androidx.lifecycle:lifecycle-process:2.7.0] AndroidManifest.xml:25:13-67
240            android:authorities="com.example.safehaven.androidx-startup"
240-->[androidx.lifecycle:lifecycle-process:2.7.0] AndroidManifest.xml:26:13-68
241            android:exported="false" >
241-->[androidx.lifecycle:lifecycle-process:2.7.0] AndroidManifest.xml:27:13-37
242            <meta-data
242-->[androidx.lifecycle:lifecycle-process:2.7.0] AndroidManifest.xml:29:13-31:52
243                android:name="androidx.lifecycle.ProcessLifecycleInitializer"
243-->[androidx.lifecycle:lifecycle-process:2.7.0] AndroidManifest.xml:30:17-78
244                android:value="androidx.startup" />
244-->[androidx.lifecycle:lifecycle-process:2.7.0] AndroidManifest.xml:31:17-49
245            <meta-data
245-->[androidx.profileinstaller:profileinstaller:1.3.1] AndroidManifest.xml:29:13-31:52
246                android:name="androidx.profileinstaller.ProfileInstallerInitializer"
246-->[androidx.profileinstaller:profileinstaller:1.3.1] AndroidManifest.xml:30:17-85
247                android:value="androidx.startup" />
247-->[androidx.profileinstaller:profileinstaller:1.3.1] AndroidManifest.xml:31:17-49
248        </provider>
249
250        <receiver
250-->[androidx.profileinstaller:profileinstaller:1.3.1] AndroidManifest.xml:34:9-52:20
251            android:name="androidx.profileinstaller.ProfileInstallReceiver"
251-->[androidx.profileinstaller:profileinstaller:1.3.1] AndroidManifest.xml:35:13-76
252            android:directBootAware="false"
252-->[androidx.profileinstaller:profileinstaller:1.3.1] AndroidManifest.xml:36:13-44
253            android:enabled="true"
253-->[androidx.profileinstaller:profileinstaller:1.3.1] AndroidManifest.xml:37:13-35
254            android:exported="true"
254-->[androidx.profileinstaller:profileinstaller:1.3.1] AndroidManifest.xml:38:13-36
255            android:permission="android.permission.DUMP" >
255-->[androidx.profileinstaller:profileinstaller:1.3.1] AndroidManifest.xml:39:13-57
256            <intent-filter>
256-->[androidx.profileinstaller:profileinstaller:1.3.1] AndroidManifest.xml:40:13-42:29
257                <action android:name="androidx.profileinstaller.action.INSTALL_PROFILE" />
257-->[androidx.profileinstaller:profileinstaller:1.3.1] AndroidManifest.xml:41:17-91
257-->[androidx.profileinstaller:profileinstaller:1.3.1] AndroidManifest.xml:41:25-88
258            </intent-filter>
259            <intent-filter>
259-->[androidx.profileinstaller:profileinstaller:1.3.1] AndroidManifest.xml:43:13-45:29
260                <action android:name="androidx.profileinstaller.action.SKIP_FILE" />
260-->[androidx.profileinstaller:profileinstaller:1.3.1] AndroidManifest.xml:44:17-85
260-->[androidx.profileinstaller:profileinstaller:1.3.1] AndroidManifest.xml:44:25-82
261            </intent-filter>
262            <intent-filter>
262-->[androidx.profileinstaller:profileinstaller:1.3.1] AndroidManifest.xml:46:13-48:29
263                <action android:name="androidx.profileinstaller.action.SAVE_PROFILE" />
263-->[androidx.profileinstaller:profileinstaller:1.3.1] AndroidManifest.xml:47:17-88
263-->[androidx.profileinstaller:profileinstaller:1.3.1] AndroidManifest.xml:47:25-85
264            </intent-filter>
265            <intent-filter>
265-->[androidx.profileinstaller:profileinstaller:1.3.1] AndroidManifest.xml:49:13-51:29
266                <action android:name="androidx.profileinstaller.action.BENCHMARK_OPERATION" />
266-->[androidx.profileinstaller:profileinstaller:1.3.1] AndroidManifest.xml:50:17-95
266-->[androidx.profileinstaller:profileinstaller:1.3.1] AndroidManifest.xml:50:25-92
267            </intent-filter>
268        </receiver> <!-- The activities will be merged into the manifest of the hosting app. -->
269        <activity
269-->[com.google.android.play:core-common:2.0.3] AndroidManifest.xml:14:9-18:65
270            android:name="com.google.android.play.core.common.PlayCoreDialogWrapperActivity"
270-->[com.google.android.play:core-common:2.0.3] AndroidManifest.xml:15:13-93
271            android:exported="false"
271-->[com.google.android.play:core-common:2.0.3] AndroidManifest.xml:16:13-37
272            android:stateNotNeeded="true"
272-->[com.google.android.play:core-common:2.0.3] AndroidManifest.xml:17:13-42
273            android:theme="@style/Theme.PlayCore.Transparent" />
273-->[com.google.android.play:core-common:2.0.3] AndroidManifest.xml:18:13-62
274    </application>
275
276</manifest>